<?xml version="1.0" encoding="UTF-8"?>
<coverage generated="1694263212025" clover="3.2.0">
  <project timestamp="1694263212025" name="All files">
    <metrics statements="68" coveredstatements="64" conditionals="21" coveredconditionals="15" methods="13" coveredmethods="13" elements="102" coveredelements="92" complexity="0" loc="68" ncloc="68" packages="1" files="2" classes="2"/>
    <file name="effect.ts" path="D:\Code\Vue-source\packages\reactivity\src\effect.ts">
      <metrics statements="43" coveredstatements="42" conditionals="16" coveredconditionals="13" methods="8" coveredmethods="8"/>
      <line num="7" count="1" type="stmt"/>
      <line num="9" count="1" type="stmt"/>
      <line num="15" count="1" type="stmt"/>
      <line num="17" count="1" type="stmt"/>
      <line num="21" count="2" type="stmt"/>
      <line num="22" count="319" type="stmt"/>
      <line num="23" count="319" type="stmt"/>
      <line num="24" count="319" type="stmt"/>
      <line num="25" count="319" type="stmt"/>
      <line num="26" count="319" type="stmt"/>
      <line num="28" count="319" type="stmt"/>
      <line num="29" count="319" type="stmt"/>
      <line num="32" count="2" type="stmt"/>
      <line num="33" count="2" type="stmt"/>
      <line num="34" count="2" type="stmt"/>
      <line num="36" count="1" type="stmt"/>
      <line num="40" count="319" type="stmt"/>
      <line num="41" count="317" type="stmt"/>
      <line num="44" count="319" type="stmt"/>
      <line num="47" count="1" type="stmt"/>
      <line num="48" count="319" type="cond" truecount="0" falsecount="1"/>
      <line num="50" count="319" type="stmt"/>
      <line num="52" count="319" type="cond" truecount="1" falsecount="0"/>
      <line num="53" count="1" type="stmt"/>
      <line num="54" count="1" type="stmt"/>
      <line num="57" count="319" type="stmt"/>
      <line num="59" count="319" type="cond" truecount="1" falsecount="0"/>
      <line num="60" count="2" type="stmt"/>
      <line num="61" count="2" type="stmt"/>
      <line num="64" count="319" type="stmt"/>
      <line num="66" count="319" type="stmt"/>
      <line num="69" count="1" type="stmt"/>
      <line num="70" count="318" type="stmt"/>
      <line num="72" count="318" type="cond" truecount="3" falsecount="0"/>
      <line num="73" count="317" type="stmt"/>
      <line num="75" count="317" type="stmt"/>
      <line num="77" count="317" type="cond" truecount="2" falsecount="0"/>
      <line num="79" count="317" type="cond" truecount="1" falsecount="0"/>
      <line num="80" count="317" type="stmt"/>
      <line num="84" count="317" type="stmt"/>
      <line num="85" count="317" type="cond" truecount="4" falsecount="2"/>
      <line num="86" count="0" type="stmt"/>
      <line num="88" count="317" type="stmt"/>
    </file>
    <file name="reactive.ts" path="D:\Code\Vue-source\packages\reactivity\src\reactive.ts">
      <metrics statements="25" coveredstatements="22" conditionals="5" coveredconditionals="2" methods="5" coveredmethods="5"/>
      <line num="1" count="1" type="stmt"/>
      <line num="3" count="1" type="cond" truecount="2" falsecount="0"/>
      <line num="4" count="1" type="stmt"/>
      <line num="5" count="1" type="stmt"/>
      <line num="6" count="1" type="stmt"/>
      <line num="7" count="1" type="stmt"/>
      <line num="8" count="1" type="stmt"/>
      <line num="15" count="1" type="stmt"/>
      <line num="17" count="1" type="stmt"/>
      <line num="18" count="1" type="stmt"/>
      <line num="22" count="1" type="cond" truecount="0" falsecount="1"/>
      <line num="23" count="0" type="stmt"/>
      <line num="30" count="1" type="stmt"/>
      <line num="32" count="319" type="cond" truecount="0" falsecount="1"/>
      <line num="33" count="0" type="stmt"/>
      <line num="36" count="319" type="stmt"/>
      <line num="37" count="319" type="stmt"/>
      <line num="39" count="319" type="cond" truecount="0" falsecount="1"/>
      <line num="40" count="0" type="stmt"/>
      <line num="43" count="319" type="stmt"/>
      <line num="47" count="318" type="stmt"/>
      <line num="49" count="318" type="stmt"/>
      <line num="50" count="1" type="stmt"/>
      <line num="53" count="1" type="stmt"/>
      <line num="55" count="1" type="stmt"/>
    </file>
  </project>
</coverage>
