<?xml version="1.0" encoding="UTF-8"?>
<coverage generated="1694444073559" clover="3.2.0">
  <project timestamp="1694444073559" name="All files">
    <metrics statements="87" coveredstatements="85" conditionals="24" coveredconditionals="22" methods="23" coveredmethods="19" elements="134" coveredelements="126" complexity="0" loc="87" ncloc="87" packages="1" files="4" classes="4"/>
    <file name="computed.ts" path="D:\Code\Vue-source\packages\reactivity\src\computed.ts">
      <metrics statements="15" coveredstatements="14" conditionals="2" coveredconditionals="2" methods="4" coveredmethods="3"/>
      <line num="1" count="1" type="stmt"/>
      <line num="3" count="1" type="stmt"/>
      <line num="5" count="9" type="stmt"/>
      <line num="6" count="9" type="stmt"/>
      <line num="9" count="9" type="cond" truecount="1" falsecount="0"/>
      <line num="10" count="9" type="stmt"/>
      <line num="11" count="9" type="stmt"/>
      <line num="16" count="9" type="stmt"/>
      <line num="18" count="26" type="cond" truecount="1" falsecount="0"/>
      <line num="19" count="18" type="stmt"/>
      <line num="20" count="18" type="stmt"/>
      <line num="22" count="26" type="stmt"/>
      <line num="23" count="26" type="stmt"/>
      <line num="27" count="0" type="stmt"/>
      <line num="31" count="9" type="stmt"/>
    </file>
    <file name="effect.ts" path="D:\Code\Vue-source\packages\reactivity\src\effect.ts">
      <metrics statements="44" coveredstatements="44" conditionals="17" coveredconditionals="16" methods="8" coveredmethods="8"/>
      <line num="8" count="3" type="stmt"/>
      <line num="10" count="3" type="stmt"/>
      <line num="16" count="3" type="stmt"/>
      <line num="18" count="3" type="stmt"/>
      <line num="22" count="27" type="stmt"/>
      <line num="23" count="59" type="stmt"/>
      <line num="24" count="59" type="stmt"/>
      <line num="25" count="59" type="stmt"/>
      <line num="26" count="59" type="stmt"/>
      <line num="27" count="59" type="stmt"/>
      <line num="29" count="59" type="stmt"/>
      <line num="30" count="59" type="stmt"/>
      <line num="33" count="27" type="stmt"/>
      <line num="34" count="27" type="stmt"/>
      <line num="36" count="27" type="cond" truecount="1" falsecount="0"/>
      <line num="37" count="18" type="stmt"/>
      <line num="40" count="27" type="stmt"/>
      <line num="44" count="59" type="stmt"/>
      <line num="45" count="41" type="stmt"/>
      <line num="48" count="59" type="stmt"/>
      <line num="51" count="3" type="stmt"/>
      <line num="52" count="108" type="cond" truecount="1" falsecount="0"/>
      <line num="54" count="90" type="stmt"/>
      <line num="56" count="90" type="cond" truecount="1" falsecount="0"/>
      <line num="57" count="23" type="stmt"/>
      <line num="58" count="23" type="stmt"/>
      <line num="61" count="90" type="stmt"/>
      <line num="63" count="90" type="cond" truecount="1" falsecount="0"/>
      <line num="64" count="28" type="stmt"/>
      <line num="65" count="28" type="stmt"/>
      <line num="68" count="90" type="stmt"/>
      <line num="70" count="90" type="stmt"/>
      <line num="73" count="3" type="stmt"/>
      <line num="74" count="40" type="stmt"/>
      <line num="76" count="40" type="cond" truecount="3" falsecount="0"/>
      <line num="77" count="36" type="stmt"/>
      <line num="79" count="36" type="stmt"/>
      <line num="81" count="36" type="cond" truecount="2" falsecount="0"/>
      <line num="83" count="37" type="cond" truecount="1" falsecount="0"/>
      <line num="84" count="27" type="stmt"/>
      <line num="88" count="36" type="stmt"/>
      <line num="89" count="27" type="cond" truecount="5" falsecount="1"/>
      <line num="90" count="10" type="stmt"/>
      <line num="92" count="17" type="stmt"/>
    </file>
    <file name="index.ts" path="D:\Code\Vue-source\packages\reactivity\src\index.ts">
      <metrics statements="3" coveredstatements="3" conditionals="0" coveredconditionals="0" methods="6" coveredmethods="3"/>
      <line num="1" count="7" type="stmt"/>
      <line num="3" count="4" type="stmt"/>
      <line num="5" count="10" type="stmt"/>
    </file>
    <file name="reactive.ts" path="D:\Code\Vue-source\packages\reactivity\src\reactive.ts">
      <metrics statements="25" coveredstatements="24" conditionals="5" coveredconditionals="4" methods="5" coveredmethods="5"/>
      <line num="1" count="3" type="stmt"/>
      <line num="3" count="3" type="cond" truecount="2" falsecount="0"/>
      <line num="4" count="3" type="stmt"/>
      <line num="5" count="3" type="stmt"/>
      <line num="6" count="3" type="stmt"/>
      <line num="7" count="3" type="stmt"/>
      <line num="8" count="3" type="stmt"/>
      <line num="15" count="3" type="stmt"/>
      <line num="17" count="3" type="stmt"/>
      <line num="18" count="20" type="stmt"/>
      <line num="22" count="20" type="cond" truecount="1" falsecount="0"/>
      <line num="23" count="2" type="stmt"/>
      <line num="30" count="18" type="stmt"/>
      <line num="32" count="82" type="cond" truecount="0" falsecount="1"/>
      <line num="33" count="0" type="stmt"/>
      <line num="36" count="82" type="stmt"/>
      <line num="37" count="82" type="stmt"/>
      <line num="39" count="82" type="cond" truecount="1" falsecount="0"/>
      <line num="40" count="3" type="stmt"/>
      <line num="43" count="79" type="stmt"/>
      <line num="47" count="31" type="stmt"/>
      <line num="49" count="31" type="stmt"/>
      <line num="50" count="31" type="stmt"/>
      <line num="53" count="18" type="stmt"/>
      <line num="55" count="18" type="stmt"/>
    </file>
  </project>
</coverage>
