{"D:\\Code\\Vue-source\\packages\\reactivity\\src\\computed.ts": {"path":"D:\\Code\\Vue-source\\packages\\reactivity\\src\\computed.ts","statementMap":{"0":{"start":{"line":1,"column":0},"end":{"line":1,"column":49}},"1":{"start":{"line":3,"column":24},"end":{"line":32,"column":1}},"2":{"start":{"line":5,"column":23},"end":{"line":5,"column":27}},"3":{"start":{"line":6,"column":19},"end":{"line":14,"column":4}},"4":{"start":{"line":9,"column":6},"end":{"line":12,"column":null}},"5":{"start":{"line":10,"column":8},"end":{"line":10,"column":null}},"6":{"start":{"line":11,"column":8},"end":{"line":11,"column":null}},"7":{"start":{"line":16,"column":14},"end":{"line":29,"column":null}},"8":{"start":{"line":18,"column":6},"end":{"line":21,"column":null}},"9":{"start":{"line":19,"column":8},"end":{"line":19,"column":null}},"10":{"start":{"line":20,"column":8},"end":{"line":20,"column":null}},"11":{"start":{"line":22,"column":6},"end":{"line":22,"column":null}},"12":{"start":{"line":23,"column":6},"end":{"line":23,"column":null}},"13":{"start":{"line":27,"column":6},"end":{"line":27,"column":null}},"14":{"start":{"line":31,"column":2},"end":{"line":31,"column":null}},"15":{"start":{"line":3,"column":13},"end":{"line":3,"column":24}}},"fnMap":{"0":{"name":"(anonymous_0)","decl":{"start":{"line":3,"column":24},"end":{"line":3,"column":25}},"loc":{"start":{"line":3,"column":41},"end":{"line":32,"column":1}}},"1":{"name":"(anonymous_1)","decl":{"start":{"line":8,"column":4},"end":{"line":8,"column":13}},"loc":{"start":{"line":8,"column":13},"end":{"line":13,"column":5}}},"2":{"name":"(anonymous_2)","decl":{"start":{"line":17,"column":4},"end":{"line":17,"column":8}},"loc":{"start":{"line":17,"column":13},"end":{"line":24,"column":5}}},"3":{"name":"(anonymous_3)","decl":{"start":{"line":26,"column":4},"end":{"line":26,"column":8}},"loc":{"start":{"line":26,"column":14},"end":{"line":28,"column":5}}}},"branchMap":{"0":{"loc":{"start":{"line":9,"column":6},"end":{"line":12,"column":null}},"type":"if","locations":[{"start":{"line":9,"column":6},"end":{"line":12,"column":null}}]},"1":{"loc":{"start":{"line":18,"column":6},"end":{"line":21,"column":null}},"type":"if","locations":[{"start":{"line":18,"column":6},"end":{"line":21,"column":null}}]}},"s":{"0":1,"1":1,"2":9,"3":9,"4":9,"5":9,"6":9,"7":9,"8":26,"9":18,"10":18,"11":26,"12":26,"13":0,"14":9,"15":1},"f":{"0":9,"1":9,"2":26,"3":0},"b":{"0":[9],"1":[18]}}
,"D:\\Code\\Vue-source\\packages\\reactivity\\src\\effect.ts": {"path":"D:\\Code\\Vue-source\\packages\\reactivity\\src\\effect.ts","statementMap":{"0":{"start":{"line":8,"column":41},"end":{"line":8,"column":50}},"1":{"start":{"line":10,"column":37},"end":{"line":10,"column":39}},"2":{"start":{"line":16,"column":15},"end":{"line":16,"column":45}},"3":{"start":{"line":22,"column":29},"end":{"line":32,"column":3}},"4":{"start":{"line":23,"column":4},"end":{"line":23,"column":null}},"5":{"start":{"line":24,"column":4},"end":{"line":31,"column":null}},"6":{"start":{"line":25,"column":6},"end":{"line":25,"column":null}},"7":{"start":{"line":26,"column":6},"end":{"line":26,"column":null}},"8":{"start":{"line":27,"column":6},"end":{"line":27,"column":null}},"9":{"start":{"line":29,"column":6},"end":{"line":29,"column":null}},"10":{"start":{"line":30,"column":6},"end":{"line":30,"column":null}},"11":{"start":{"line":33,"column":2},"end":{"line":33,"column":null}},"12":{"start":{"line":34,"column":2},"end":{"line":34,"column":null}},"13":{"start":{"line":36,"column":2},"end":{"line":38,"column":null}},"14":{"start":{"line":37,"column":4},"end":{"line":37,"column":null}},"15":{"start":{"line":40,"column":2},"end":{"line":40,"column":null}},"16":{"start":{"line":18,"column":0},"end":{"line":18,"column":16}},"17":{"start":{"line":44,"column":2},"end":{"line":46,"column":null}},"18":{"start":{"line":45,"column":4},"end":{"line":45,"column":null}},"19":{"start":{"line":48,"column":2},"end":{"line":48,"column":null}},"20":{"start":{"line":52,"column":2},"end":{"line":52,"column":27}},"21":{"start":{"line":52,"column":21},"end":{"line":52,"column":27}},"22":{"start":{"line":54,"column":16},"end":{"line":54,"column":34}},"23":{"start":{"line":56,"column":2},"end":{"line":59,"column":null}},"24":{"start":{"line":57,"column":4},"end":{"line":57,"column":null}},"25":{"start":{"line":58,"column":4},"end":{"line":58,"column":null}},"26":{"start":{"line":61,"column":15},"end":{"line":61,"column":31}},"27":{"start":{"line":63,"column":2},"end":{"line":66,"column":null}},"28":{"start":{"line":64,"column":4},"end":{"line":64,"column":null}},"29":{"start":{"line":65,"column":4},"end":{"line":65,"column":null}},"30":{"start":{"line":68,"column":2},"end":{"line":68,"column":null}},"31":{"start":{"line":70,"column":2},"end":{"line":70,"column":null}},"32":{"start":{"line":51,"column":0},"end":{"line":51,"column":16}},"33":{"start":{"line":74,"column":18},"end":{"line":74,"column":36}},"34":{"start":{"line":76,"column":2},"end":{"line":95,"column":null}},"35":{"start":{"line":77,"column":20},"end":{"line":77,"column":36}},"36":{"start":{"line":79,"column":41},"end":{"line":79,"column":50}},"37":{"start":{"line":81,"column":4},"end":{"line":86,"column":null}},"38":{"start":{"line":83,"column":8},"end":{"line":85,"column":null}},"39":{"start":{"line":84,"column":10},"end":{"line":84,"column":null}},"40":{"start":{"line":88,"column":4},"end":{"line":94,"column":null}},"41":{"start":{"line":89,"column":6},"end":{"line":93,"column":null}},"42":{"start":{"line":90,"column":8},"end":{"line":90,"column":null}},"43":{"start":{"line":92,"column":8},"end":{"line":92,"column":null}},"44":{"start":{"line":73,"column":0},"end":{"line":73,"column":16}}},"fnMap":{"0":{"name":"effect","decl":{"start":{"line":18,"column":16},"end":{"line":18,"column":22}},"loc":{"start":{"line":20,"column":43},"end":{"line":41,"column":1}}},"1":{"name":"(anonymous_1)","decl":{"start":{"line":22,"column":29},"end":{"line":22,"column":32}},"loc":{"start":{"line":22,"column":34},"end":{"line":32,"column":3}}},"2":{"name":"cleanup","decl":{"start":{"line":43,"column":9},"end":{"line":43,"column":16}},"loc":{"start":{"line":43,"column":33},"end":{"line":49,"column":1}}},"3":{"name":"(anonymous_3)","decl":{"start":{"line":44,"column":22},"end":{"line":44,"column":25}},"loc":{"start":{"line":44,"column":28},"end":{"line":46,"column":3}}},"4":{"name":"track","decl":{"start":{"line":51,"column":16},"end":{"line":51,"column":21}},"loc":{"start":{"line":51,"column":58},"end":{"line":71,"column":1}}},"5":{"name":"trigger","decl":{"start":{"line":73,"column":16},"end":{"line":73,"column":23}},"loc":{"start":{"line":73,"column":60},"end":{"line":96,"column":1}}},"6":{"name":"(anonymous_6)","decl":{"start":{"line":82,"column":22},"end":{"line":82,"column":28}},"loc":{"start":{"line":82,"column":31},"end":{"line":86,"column":7}}},"7":{"name":"(anonymous_7)","decl":{"start":{"line":88,"column":25},"end":{"line":88,"column":31}},"loc":{"start":{"line":88,"column":34},"end":{"line":94,"column":5}}}},"branchMap":{"0":{"loc":{"start":{"line":20,"column":2},"end":{"line":20,"column":43}},"type":"default-arg","locations":[{"start":{"line":20,"column":41},"end":{"line":20,"column":43}}]},"1":{"loc":{"start":{"line":36,"column":2},"end":{"line":38,"column":null}},"type":"if","locations":[{"start":{"line":36,"column":2},"end":{"line":38,"column":null}}]},"2":{"loc":{"start":{"line":52,"column":2},"end":{"line":52,"column":27}},"type":"if","locations":[{"start":{"line":52,"column":2},"end":{"line":52,"column":27}}]},"3":{"loc":{"start":{"line":56,"column":2},"end":{"line":59,"column":null}},"type":"if","locations":[{"start":{"line":56,"column":2},"end":{"line":59,"column":null}}]},"4":{"loc":{"start":{"line":63,"column":2},"end":{"line":66,"column":null}},"type":"if","locations":[{"start":{"line":63,"column":2},"end":{"line":66,"column":null}}]},"5":{"loc":{"start":{"line":76,"column":2},"end":{"line":95,"column":null}},"type":"if","locations":[{"start":{"line":76,"column":2},"end":{"line":95,"column":null}}]},"6":{"loc":{"start":{"line":76,"column":6},"end":{"line":76,"column":33}},"type":"binary-expr","locations":[{"start":{"line":76,"column":6},"end":{"line":76,"column":13}},{"start":{"line":76,"column":17},"end":{"line":76,"column":33}}]},"7":{"loc":{"start":{"line":81,"column":4},"end":{"line":86,"column":8}},"type":"binary-expr","locations":[{"start":{"line":81,"column":4},"end":{"line":81,"column":11}},{"start":{"line":82,"column":6},"end":{"line":86,"column":8}}]},"8":{"loc":{"start":{"line":83,"column":8},"end":{"line":85,"column":null}},"type":"if","locations":[{"start":{"line":83,"column":8},"end":{"line":85,"column":null}}]},"9":{"loc":{"start":{"line":89,"column":6},"end":{"line":93,"column":null}},"type":"if","locations":[{"start":{"line":89,"column":6},"end":{"line":93,"column":null}},{"start":{"line":91,"column":13},"end":{"line":93,"column":null}}]},"10":{"loc":{"start":{"line":89,"column":10},"end":{"line":89,"column":35}},"type":"cond-expr","locations":[{"start":{"line":89,"column":24},"end":{"line":89,"column":26}},{"start":{"line":89,"column":24},"end":{"line":89,"column":35}}]},"11":{"loc":{"start":{"line":89,"column":10},"end":{"line":89,"column":26}},"type":"binary-expr","locations":[{"start":{"line":89,"column":10},"end":{"line":89,"column":26}},{"start":{"line":89,"column":24},"end":{"line":89,"column":26}}]}},"s":{"0":3,"1":3,"2":3,"3":27,"4":59,"5":59,"6":59,"7":59,"8":59,"9":59,"10":59,"11":27,"12":27,"13":27,"14":18,"15":27,"16":3,"17":59,"18":41,"19":59,"20":108,"21":18,"22":90,"23":90,"24":23,"25":23,"26":90,"27":90,"28":28,"29":28,"30":90,"31":90,"32":3,"33":40,"34":40,"35":36,"36":36,"37":36,"38":37,"39":27,"40":36,"41":27,"42":10,"43":17,"44":3},"f":{"0":27,"1":59,"2":59,"3":41,"4":108,"5":40,"6":37,"7":27},"b":{"0":[17],"1":[18],"2":[18],"3":[23],"4":[28],"5":[36],"6":[40,37],"7":[36,36],"8":[27],"9":[10,17],"10":[0,27],"11":[27,27]}}
,"D:\\Code\\Vue-source\\packages\\reactivity\\src\\index.ts": {"path":"D:\\Code\\Vue-source\\packages\\reactivity\\src\\index.ts","statementMap":{"0":{"start":{"line":1,"column":0},"end":{"line":1,"column":9}},"1":{"start":{"line":1,"column":9},"end":{"line":1,"column":19}},"2":{"start":{"line":1,"column":19},"end":{"line":1,"column":33}},"3":{"start":{"line":3,"column":0},"end":{"line":3,"column":9}},"4":{"start":{"line":3,"column":9},"end":{"line":3,"column":17}},"5":{"start":{"line":3,"column":17},"end":{"line":3,"column":26}},"6":{"start":{"line":3,"column":26},"end":{"line":3,"column":49}},"7":{"start":{"line":5,"column":0},"end":{"line":5,"column":9}},"8":{"start":{"line":5,"column":9},"end":{"line":5,"column":37}}},"fnMap":{"0":{"name":"(anonymous_0)","decl":{"start":{"line":1,"column":9},"end":{"line":1,"column":17}},"loc":{"start":{"line":1,"column":9},"end":{"line":1,"column":19}}},"1":{"name":"(anonymous_1)","decl":{"start":{"line":1,"column":19},"end":{"line":1,"column":32}},"loc":{"start":{"line":1,"column":19},"end":{"line":1,"column":33}}},"2":{"name":"(anonymous_2)","decl":{"start":{"line":3,"column":9},"end":{"line":3,"column":15}},"loc":{"start":{"line":3,"column":9},"end":{"line":3,"column":17}}},"3":{"name":"(anonymous_3)","decl":{"start":{"line":3,"column":17},"end":{"line":3,"column":24}},"loc":{"start":{"line":3,"column":17},"end":{"line":3,"column":26}}},"4":{"name":"(anonymous_4)","decl":{"start":{"line":3,"column":26},"end":{"line":3,"column":31}},"loc":{"start":{"line":3,"column":26},"end":{"line":3,"column":49}}},"5":{"name":"(anonymous_5)","decl":{"start":{"line":5,"column":9},"end":{"line":5,"column":17}},"loc":{"start":{"line":5,"column":9},"end":{"line":5,"column":37}}}},"branchMap":{},"s":{"0":1,"1":7,"2":1,"3":1,"4":4,"5":1,"6":1,"7":1,"8":10},"f":{"0":6,"1":0,"2":3,"3":0,"4":0,"5":9},"b":{}}
,"D:\\Code\\Vue-source\\packages\\reactivity\\src\\reactive.ts": {"path":"D:\\Code\\Vue-source\\packages\\reactivity\\src\\reactive.ts","statementMap":{"0":{"start":{"line":1,"column":0},"end":{"line":1,"column":41}},"1":{"start":{"line":3,"column":0},"end":{"line":3,"column":null}},"2":{"start":{"line":4,"column":2},"end":{"line":4,"column":null}},"3":{"start":{"line":5,"column":2},"end":{"line":5,"column":null}},"4":{"start":{"line":6,"column":2},"end":{"line":6,"column":null}},"5":{"start":{"line":7,"column":2},"end":{"line":7,"column":null}},"6":{"start":{"line":8,"column":2},"end":{"line":8,"column":null}},"7":{"start":{"line":15,"column":17},"end":{"line":15,"column":43}},"8":{"start":{"line":18,"column":2},"end":{"line":18,"column":null}},"9":{"start":{"line":17,"column":0},"end":{"line":17,"column":16}},"10":{"start":{"line":22,"column":2},"end":{"line":24,"column":null}},"11":{"start":{"line":23,"column":4},"end":{"line":23,"column":null}},"12":{"start":{"line":30,"column":16},"end":{"line":52,"column":4}},"13":{"start":{"line":32,"column":6},"end":{"line":34,"column":null}},"14":{"start":{"line":33,"column":8},"end":{"line":33,"column":null}},"15":{"start":{"line":36,"column":6},"end":{"line":36,"column":null}},"16":{"start":{"line":37,"column":18},"end":{"line":37,"column":52}},"17":{"start":{"line":39,"column":6},"end":{"line":41,"column":null}},"18":{"start":{"line":40,"column":8},"end":{"line":40,"column":null}},"19":{"start":{"line":43,"column":6},"end":{"line":43,"column":null}},"20":{"start":{"line":47,"column":18},"end":{"line":47,"column":59}},"21":{"start":{"line":49,"column":6},"end":{"line":49,"column":null}},"22":{"start":{"line":50,"column":6},"end":{"line":50,"column":null}},"23":{"start":{"line":53,"column":2},"end":{"line":53,"column":null}},"24":{"start":{"line":55,"column":2},"end":{"line":55,"column":null}}},"fnMap":{"0":{"name":"(anonymous_0)","decl":{"start":{"line":3,"column":0},"end":{"line":3,"column":18}},"loc":{"start":{"line":3,"column":31},"end":{"line":9,"column":1}}},"1":{"name":"reactive","decl":{"start":{"line":17,"column":16},"end":{"line":17,"column":24}},"loc":{"start":{"line":17,"column":52},"end":{"line":19,"column":1}}},"2":{"name":"defineReactiveObject","decl":{"start":{"line":21,"column":9},"end":{"line":21,"column":29}},"loc":{"start":{"line":21,"column":44},"end":{"line":56,"column":1}}},"3":{"name":"(anonymous_3)","decl":{"start":{"line":31,"column":4},"end":{"line":31,"column":7}},"loc":{"start":{"line":31,"column":29},"end":{"line":44,"column":5}}},"4":{"name":"(anonymous_4)","decl":{"start":{"line":46,"column":4},"end":{"line":46,"column":7}},"loc":{"start":{"line":46,"column":36},"end":{"line":51,"column":5}}}},"branchMap":{"0":{"loc":{"start":{"line":3,"column":18},"end":{"line":3,"column":null}},"type":"binary-expr","locations":[{"start":{"line":3,"column":18},"end":{"line":3,"column":31}},{"start":{"line":3,"column":31},"end":{"line":3,"column":null}}]},"1":{"loc":{"start":{"line":22,"column":2},"end":{"line":24,"column":null}},"type":"if","locations":[{"start":{"line":22,"column":2},"end":{"line":24,"column":null}}]},"2":{"loc":{"start":{"line":32,"column":6},"end":{"line":34,"column":null}},"type":"if","locations":[{"start":{"line":32,"column":6},"end":{"line":34,"column":null}}]},"3":{"loc":{"start":{"line":39,"column":6},"end":{"line":41,"column":null}},"type":"if","locations":[{"start":{"line":39,"column":6},"end":{"line":41,"column":null}}]}},"s":{"0":3,"1":3,"2":3,"3":3,"4":3,"5":3,"6":3,"7":3,"8":20,"9":3,"10":20,"11":2,"12":18,"13":82,"14":0,"15":82,"16":82,"17":82,"18":3,"19":79,"20":31,"21":31,"22":31,"23":18,"24":18},"f":{"0":3,"1":20,"2":20,"3":82,"4":31},"b":{"0":[3,3],"1":[2],"2":[0],"3":[3]}}
}
