TN:
SF:packages\reactivity\src\computed.ts
FN:3,(anonymous_0)
FN:8,(anonymous_1)
FN:17,(anonymous_2)
FN:26,(anonymous_3)
FNF:4
FNH:3
FNDA:9,(anonymous_0)
FNDA:9,(anonymous_1)
FNDA:26,(anonymous_2)
FNDA:0,(anonymous_3)
DA:1,1
DA:3,1
DA:5,9
DA:6,9
DA:9,9
DA:10,9
DA:11,9
DA:16,9
DA:18,26
DA:19,18
DA:20,18
DA:22,26
DA:23,26
DA:27,0
DA:31,9
LF:15
LH:14
BRDA:9,0,0,9
BRDA:18,1,0,18
BRF:2
BRH:2
end_of_record
TN:
SF:packages\reactivity\src\effect.ts
FN:18,effect
FN:22,(anonymous_1)
FN:43,cleanup
FN:44,(anonymous_3)
FN:51,track
FN:73,trigger
FN:82,(anonymous_6)
FN:88,(anonymous_7)
FNF:8
FNH:8
FNDA:27,effect
FNDA:59,(anonymous_1)
FNDA:59,cleanup
FNDA:41,(anonymous_3)
FNDA:108,track
FNDA:40,trigger
FNDA:37,(anonymous_6)
FNDA:27,(anonymous_7)
DA:8,3
DA:10,3
DA:16,3
DA:18,3
DA:22,27
DA:23,59
DA:24,59
DA:25,59
DA:26,59
DA:27,59
DA:29,59
DA:30,59
DA:33,27
DA:34,27
DA:36,27
DA:37,18
DA:40,27
DA:44,59
DA:45,41
DA:48,59
DA:51,3
DA:52,108
DA:54,90
DA:56,90
DA:57,23
DA:58,23
DA:61,90
DA:63,90
DA:64,28
DA:65,28
DA:68,90
DA:70,90
DA:73,3
DA:74,40
DA:76,40
DA:77,36
DA:79,36
DA:81,36
DA:83,37
DA:84,27
DA:88,36
DA:89,27
DA:90,10
DA:92,17
LF:44
LH:44
BRDA:20,0,0,17
BRDA:36,1,0,18
BRDA:52,2,0,18
BRDA:56,3,0,23
BRDA:63,4,0,28
BRDA:76,5,0,36
BRDA:76,6,0,40
BRDA:76,6,1,37
BRDA:81,7,0,36
BRDA:81,7,1,36
BRDA:83,8,0,27
BRDA:89,9,0,10
BRDA:89,9,1,17
BRDA:89,10,0,0
BRDA:89,10,1,27
BRDA:89,11,0,27
BRDA:89,11,1,27
BRF:17
BRH:16
end_of_record
TN:
SF:packages\reactivity\src\index.ts
FN:1,(anonymous_0)
FN:1,(anonymous_1)
FN:3,(anonymous_2)
FN:3,(anonymous_3)
FN:3,(anonymous_4)
FN:5,(anonymous_5)
FNF:6
FNH:3
FNDA:6,(anonymous_0)
FNDA:0,(anonymous_1)
FNDA:3,(anonymous_2)
FNDA:0,(anonymous_3)
FNDA:0,(anonymous_4)
FNDA:9,(anonymous_5)
DA:1,7
DA:3,4
DA:5,10
LF:3
LH:3
BRF:0
BRH:0
end_of_record
TN:
SF:packages\reactivity\src\reactive.ts
FN:3,(anonymous_0)
FN:17,reactive
FN:21,defineReactiveObject
FN:31,(anonymous_3)
FN:46,(anonymous_4)
FNF:5
FNH:5
FNDA:3,(anonymous_0)
FNDA:20,reactive
FNDA:20,defineReactiveObject
FNDA:82,(anonymous_3)
FNDA:31,(anonymous_4)
DA:1,3
DA:3,3
DA:4,3
DA:5,3
DA:6,3
DA:7,3
DA:8,3
DA:15,3
DA:17,3
DA:18,20
DA:22,20
DA:23,2
DA:30,18
DA:32,82
DA:33,0
DA:36,82
DA:37,82
DA:39,82
DA:40,3
DA:43,79
DA:47,31
DA:49,31
DA:50,31
DA:53,18
DA:55,18
LF:25
LH:24
BRDA:3,0,0,3
BRDA:3,0,1,3
BRDA:22,1,0,2
BRDA:32,2,0,0
BRDA:39,3,0,3
BRF:5
BRH:4
end_of_record
