TN:
SF:packages\reactivity\src\effect.ts
FN:17,effect
FN:21,(anonymous_1)
FN:39,cleanup
FN:40,(anonymous_3)
FN:47,track
FN:69,trigger
FN:78,(anonymous_6)
FN:84,(anonymous_7)
FNF:8
FNH:8
FNDA:2,effect
FNDA:319,(anonymous_1)
FNDA:319,cleanup
FNDA:317,(anonymous_3)
FNDA:319,track
FNDA:318,trigger
FNDA:317,(anonymous_6)
FNDA:317,(anonymous_7)
DA:7,1
DA:9,1
DA:15,1
DA:17,1
DA:21,2
DA:22,319
DA:23,319
DA:24,319
DA:25,319
DA:26,319
DA:28,319
DA:29,319
DA:32,2
DA:33,2
DA:34,2
DA:36,1
DA:40,319
DA:41,317
DA:44,319
DA:47,1
DA:48,319
DA:50,319
DA:52,319
DA:53,1
DA:54,1
DA:57,319
DA:59,319
DA:60,2
DA:61,2
DA:64,319
DA:66,319
DA:69,1
DA:70,318
DA:72,318
DA:73,317
DA:75,317
DA:77,317
DA:79,317
DA:80,317
DA:84,317
DA:85,317
DA:86,0
DA:88,317
LF:43
LH:42
BRDA:19,0,0,2
BRDA:48,1,0,0
BRDA:52,2,0,1
BRDA:59,3,0,2
BRDA:72,4,0,317
BRDA:72,5,0,318
BRDA:72,5,1,318
BRDA:77,6,0,317
BRDA:77,6,1,317
BRDA:79,7,0,317
BRDA:85,8,0,0
BRDA:85,8,1,317
BRDA:85,9,0,0
BRDA:85,9,1,317
BRDA:85,10,0,317
BRDA:85,10,1,317
BRF:16
BRH:13
end_of_record
TN:
SF:packages\reactivity\src\reactive.ts
FN:3,(anonymous_0)
FN:17,reactive
FN:21,defineReactiveObject
FN:31,(anonymous_3)
FN:46,(anonymous_4)
FNF:5
FNH:5
FNDA:1,(anonymous_0)
FNDA:1,reactive
FNDA:1,defineReactiveObject
FNDA:319,(anonymous_3)
FNDA:318,(anonymous_4)
DA:1,1
DA:3,1
DA:4,1
DA:5,1
DA:6,1
DA:7,1
DA:8,1
DA:15,1
DA:17,1
DA:18,1
DA:22,1
DA:23,0
DA:30,1
DA:32,319
DA:33,0
DA:36,319
DA:37,319
DA:39,319
DA:40,0
DA:43,319
DA:47,318
DA:49,318
DA:50,1
DA:53,1
DA:55,1
LF:25
LH:22
BRDA:3,0,0,1
BRDA:3,0,1,1
BRDA:22,1,0,0
BRDA:32,2,0,0
BRDA:39,3,0,0
BRF:5
BRH:2
end_of_record
